
*** Running vivado
    with args -log mb_block_ilmb_v10_0.vds -m64 -product Vivado -mode batch -messageDb vivado.pb -notrace -source mb_block_ilmb_v10_0.tcl



****** Vivado v2022.2 (64-bit)
  **** SW Build 3671981 on Fri Oct 14 05:00:03 MDT 2022
  **** IP Build 3669848 on Fri Oct 14 08:30:02 MDT 2022
    ** Copyright 1986-2022 Xilinx, Inc. All Rights Reserved.

source mb_block_ilmb_v10_0.tcl -notrace
create_project: Time (s): cpu = 00:00:03 ; elapsed = 00:00:08 . Memory (MB): peak = 373.426 ; gain = 64.754
INFO: [IP_Flow 19-234] Refreshing IP repositories
INFO: [IP_Flow 19-1700] Loaded user IP repository 'd:/U.I.U.C/FA24/ECE385/final_project/ip_repo/hdmi_dino_controller_1_0'.
INFO: [IP_Flow 19-1700] Loaded user IP repository 'd:/U.I.U.C/FA24/ECE385/final_project/hdmi_tx_1.0'.
INFO: [IP_Flow 19-2313] Loaded Vivado IP repository 'F:/Xilinx/Vivado/2022.2/data/ip'.
INFO: [IP_Flow 19-6924] IPCACHE: Running cache check for IP inst: mb_block_ilmb_v10_0
INFO: [IP_Flow 19-6922] IPCACHE: Exporting cached entry 8b859a7611e3417d to dir: D:/U.I.U.C/FA24/ECE385/final_project/final_project/final_project.runs/mb_block_ilmb_v10_0_synth_1
INFO: [IP_Flow 19-6928] IPCACHE: copied cached file d:/U.I.U.C/FA24/ECE385/final_project/final_project/final_project.cache/ip/2022.2/8/b/8b859a7611e3417d/mb_block_dlmb_v10_0.dcp to D:/U.I.U.C/FA24/ECE385/final_project/final_project/final_project.runs/mb_block_ilmb_v10_0_synth_1/mb_block_ilmb_v10_0.dcp.
INFO: [IP_Flow 19-6928] IPCACHE: copied cached file d:/U.I.U.C/FA24/ECE385/final_project/final_project/final_project.cache/ip/2022.2/8/b/8b859a7611e3417d/mb_block_dlmb_v10_0_sim_netlist.v to D:/U.I.U.C/FA24/ECE385/final_project/final_project/final_project.runs/mb_block_ilmb_v10_0_synth_1/mb_block_ilmb_v10_0_sim_netlist.v.
INFO: [IP_Flow 19-6928] IPCACHE: copied cached file d:/U.I.U.C/FA24/ECE385/final_project/final_project/final_project.cache/ip/2022.2/8/b/8b859a7611e3417d/mb_block_dlmb_v10_0_sim_netlist.vhdl to D:/U.I.U.C/FA24/ECE385/final_project/final_project/final_project.runs/mb_block_ilmb_v10_0_synth_1/mb_block_ilmb_v10_0_sim_netlist.vhdl.
INFO: [IP_Flow 19-6928] IPCACHE: copied cached file d:/U.I.U.C/FA24/ECE385/final_project/final_project/final_project.cache/ip/2022.2/8/b/8b859a7611e3417d/mb_block_dlmb_v10_0_stub.v to D:/U.I.U.C/FA24/ECE385/final_project/final_project/final_project.runs/mb_block_ilmb_v10_0_synth_1/mb_block_ilmb_v10_0_stub.v.
INFO: [IP_Flow 19-6928] IPCACHE: copied cached file d:/U.I.U.C/FA24/ECE385/final_project/final_project/final_project.cache/ip/2022.2/8/b/8b859a7611e3417d/mb_block_dlmb_v10_0_stub.vhdl to D:/U.I.U.C/FA24/ECE385/final_project/final_project/final_project.runs/mb_block_ilmb_v10_0_synth_1/mb_block_ilmb_v10_0_stub.vhdl.
INFO: [IP_Flow 19-4838] Using cached IP synthesis design for IP mb_block_ilmb_v10_0, cache-ID = 8b859a7611e3417d.
INFO: [Common 17-206] Exiting Vivado at Sun Nov 10 11:36:33 2024...
